   1              		.cpu arm926ej-s
   2              		.fpu softvfp
   3              		.eabi_attribute 20, 1
   4              		.eabi_attribute 21, 1
   5              		.eabi_attribute 23, 3
   6              		.eabi_attribute 24, 1
   7              		.eabi_attribute 25, 1
   8              		.eabi_attribute 26, 1
   9              		.eabi_attribute 30, 6
  10              		.eabi_attribute 18, 4
  11              		.file	"cyfxbulkdscr.c"
  19              	.Ltext0:
  20              		.cfi_sections	.debug_frame
  21              		.global	CyFxUSB30DeviceDscr
  22              		.section	.rodata
  23              		.align	5
  26              	CyFxUSB30DeviceDscr:
  27 0000 12       		.byte	18
  28 0001 01       		.byte	1
  29 0002 00       		.byte	0
  30 0003 03       		.byte	3
  31 0004 00       		.byte	0
  32 0005 00       		.byte	0
  33 0006 00       		.byte	0
  34 0007 09       		.byte	9
  35 0008 B4       		.byte	-76
  36 0009 04       		.byte	4
  37 000a F1       		.byte	-15
  38 000b 00       		.byte	0
  39 000c 00       		.byte	0
  40 000d 00       		.byte	0
  41 000e 01       		.byte	1
  42 000f 02       		.byte	2
  43 0010 00       		.byte	0
  44 0011 01       		.byte	1
  45              		.global	CyFxUSB20DeviceDscr
  46 0012 00000000 		.align	5
  46      00000000 
  46      00000000 
  46      0000
  49              	CyFxUSB20DeviceDscr:
  50 0020 12       		.byte	18
  51 0021 01       		.byte	1
  52 0022 10       		.byte	16
  53 0023 02       		.byte	2
  54 0024 00       		.byte	0
  55 0025 00       		.byte	0
  56 0026 00       		.byte	0
  57 0027 40       		.byte	64
  58 0028 B4       		.byte	-76
  59 0029 04       		.byte	4
  60 002a F1       		.byte	-15
  61 002b 00       		.byte	0
  62 002c 00       		.byte	0
  63 002d 00       		.byte	0
  64 002e 01       		.byte	1
  65 002f 02       		.byte	2
  66 0030 00       		.byte	0
  67 0031 01       		.byte	1
  68              		.global	CyFxUSBBOSDscr
  69 0032 00000000 		.align	5
  69      00000000 
  69      00000000 
  69      0000
  72              	CyFxUSBBOSDscr:
  73 0040 05       		.byte	5
  74 0041 0F       		.byte	15
  75 0042 16       		.byte	22
  76 0043 00       		.byte	0
  77 0044 02       		.byte	2
  78 0045 07       		.byte	7
  79 0046 10       		.byte	16
  80 0047 02       		.byte	2
  81 0048 02       		.byte	2
  82 0049 00       		.byte	0
  83 004a 00       		.byte	0
  84 004b 00       		.byte	0
  85 004c 0A       		.byte	10
  86 004d 10       		.byte	16
  87 004e 03       		.byte	3
  88 004f 00       		.byte	0
  89 0050 0E       		.byte	14
  90 0051 00       		.byte	0
  91 0052 03       		.byte	3
  92 0053 0A       		.byte	10
  93 0054 FF       		.byte	-1
  94 0055 07       		.byte	7
  95              		.global	CyFxUSBDeviceQualDscr
  96 0056 00000000 		.align	5
  96      00000000 
  96      0000
  99              	CyFxUSBDeviceQualDscr:
 100 0060 0A       		.byte	10
 101 0061 06       		.byte	6
 102 0062 00       		.byte	0
 103 0063 02       		.byte	2
 104 0064 00       		.byte	0
 105 0065 00       		.byte	0
 106 0066 00       		.byte	0
 107 0067 40       		.byte	64
 108 0068 01       		.byte	1
 109 0069 00       		.byte	0
 110              		.global	CyFxUSBSSConfigDscr
 111 006a 00000000 		.align	5
 111      00000000 
 111      00000000 
 111      00000000 
 111      00000000 
 114              	CyFxUSBSSConfigDscr:
 115 0080 09       		.byte	9
 116 0081 02       		.byte	2
 117 0082 1F       		.byte	31
 118 0083 00       		.byte	0
 119 0084 01       		.byte	1
 120 0085 01       		.byte	1
 121 0086 00       		.byte	0
 122 0087 80       		.byte	-128
 123 0088 32       		.byte	50
 124 0089 09       		.byte	9
 125 008a 04       		.byte	4
 126 008b 00       		.byte	0
 127 008c 00       		.byte	0
 128 008d 01       		.byte	1
 129 008e FF       		.byte	-1
 130 008f 00       		.byte	0
 131 0090 00       		.byte	0
 132 0091 00       		.byte	0
 133 0092 07       		.byte	7
 134 0093 05       		.byte	5
 135 0094 81       		.byte	-127
 136 0095 02       		.byte	2
 137 0096 00       		.byte	0
 138 0097 04       		.byte	4
 139 0098 00       		.byte	0
 140 0099 06       		.byte	6
 141 009a 30       		.byte	48
 142 009b 07       		.byte	7
 143 009c 00       		.byte	0
 144 009d 00       		.byte	0
 145 009e 00       		.byte	0
 146              		.global	CyFxUSBHSConfigDscr
 147 009f 00       		.align	5
 150              	CyFxUSBHSConfigDscr:
 151 00a0 09       		.byte	9
 152 00a1 02       		.byte	2
 153 00a2 19       		.byte	25
 154 00a3 00       		.byte	0
 155 00a4 01       		.byte	1
 156 00a5 01       		.byte	1
 157 00a6 00       		.byte	0
 158 00a7 80       		.byte	-128
 159 00a8 32       		.byte	50
 160 00a9 09       		.byte	9
 161 00aa 04       		.byte	4
 162 00ab 00       		.byte	0
 163 00ac 00       		.byte	0
 164 00ad 01       		.byte	1
 165 00ae FF       		.byte	-1
 166 00af 00       		.byte	0
 167 00b0 00       		.byte	0
 168 00b1 00       		.byte	0
 169 00b2 07       		.byte	7
 170 00b3 05       		.byte	5
 171 00b4 81       		.byte	-127
 172 00b5 02       		.byte	2
 173 00b6 00       		.byte	0
 174 00b7 02       		.byte	2
 175 00b8 00       		.byte	0
 176              		.global	CyFxUSBFSConfigDscr
 177 00b9 00000000 		.align	5
 177      000000
 180              	CyFxUSBFSConfigDscr:
 181 00c0 09       		.byte	9
 182 00c1 02       		.byte	2
 183 00c2 19       		.byte	25
 184 00c3 00       		.byte	0
 185 00c4 01       		.byte	1
 186 00c5 01       		.byte	1
 187 00c6 00       		.byte	0
 188 00c7 80       		.byte	-128
 189 00c8 32       		.byte	50
 190 00c9 09       		.byte	9
 191 00ca 04       		.byte	4
 192 00cb 00       		.byte	0
 193 00cc 00       		.byte	0
 194 00cd 01       		.byte	1
 195 00ce FF       		.byte	-1
 196 00cf 00       		.byte	0
 197 00d0 00       		.byte	0
 198 00d1 00       		.byte	0
 199 00d2 07       		.byte	7
 200 00d3 05       		.byte	5
 201 00d4 81       		.byte	-127
 202 00d5 02       		.byte	2
 203 00d6 40       		.byte	64
 204 00d7 00       		.byte	0
 205 00d8 00       		.byte	0
 206              		.global	CyFxUSBStringLangIDDscr
 207 00d9 00000000 		.align	5
 207      000000
 210              	CyFxUSBStringLangIDDscr:
 211 00e0 04       		.byte	4
 212 00e1 03       		.byte	3
 213 00e2 09       		.byte	9
 214 00e3 04       		.byte	4
 215              		.global	CyFxUSBManufactureDscr
 216 00e4 00000000 		.align	5
 216      00000000 
 216      00000000 
 216      00000000 
 216      00000000 
 219              	CyFxUSBManufactureDscr:
 220 0100 10       		.byte	16
 221 0101 03       		.byte	3
 222 0102 43       		.byte	67
 223 0103 00       		.byte	0
 224 0104 79       		.byte	121
 225 0105 00       		.byte	0
 226 0106 70       		.byte	112
 227 0107 00       		.byte	0
 228 0108 72       		.byte	114
 229 0109 00       		.byte	0
 230 010a 65       		.byte	101
 231 010b 00       		.byte	0
 232 010c 73       		.byte	115
 233 010d 00       		.byte	0
 234 010e 73       		.byte	115
 235 010f 00       		.byte	0
 236              		.global	CyFxUSBProductDscr
 237 0110 00000000 		.align	5
 237      00000000 
 237      00000000 
 237      00000000 
 240              	CyFxUSBProductDscr:
 241 0120 08       		.byte	8
 242 0121 03       		.byte	3
 243 0122 46       		.byte	70
 244 0123 00       		.byte	0
 245 0124 58       		.byte	88
 246 0125 00       		.byte	0
 247 0126 33       		.byte	51
 248 0127 00       		.byte	0
 249              		.global	CyFxUsbOSDscr
 250 0128 00000000 		.align	5
 250      00000000 
 250      00000000 
 250      00000000 
 250      00000000 
 253              	CyFxUsbOSDscr:
 254 0140 0E       		.byte	14
 255 0141 03       		.byte	3
 256 0142 4F       		.byte	79
 257 0143 00       		.byte	0
 258 0144 53       		.byte	83
 259 0145 00       		.byte	0
 260 0146 20       		.byte	32
 261 0147 00       		.byte	0
 262 0148 44       		.byte	68
 263 0149 00       		.byte	0
 264 014a 65       		.byte	101
 265 014b 00       		.byte	0
 266 014c 73       		.byte	115
 267 014d 00       		.byte	0
 268 014e 63       		.byte	99
 269 014f 00       		.byte	0
 270              		.comm	CyFxUsbDscrAlignBuffer,32,32
 271 0150 00000000 		.text
 271      00000000 
 271      00000000 
 271      00000000 
 272              	.Letext0:
 273              		.file 1 "C:\\Program Files (x86)\\Cypress\\EZ-USB FX3 SDK\\1.2\\\\firmware\\u3p_firmware\\inc/cyu3
 274              		.file 2 "../cyfxbulkdscr.c"
 275              		.file 3 "c:\\program files (x86)\\cypress\\ez-usb fx3 sdk\\1.2\\bin\\../lib/gcc/arm-none-eabi/4.5.
DEFINED SYMBOLS
                            *ABS*:00000000 cyfxbulkdscr.c
C:\Users\nikl\AppData\Local\Temp\ccyhpvpe.s:26     .rodata:00000000 CyFxUSB30DeviceDscr
C:\Users\nikl\AppData\Local\Temp\ccyhpvpe.s:23     .rodata:00000000 $d
C:\Users\nikl\AppData\Local\Temp\ccyhpvpe.s:49     .rodata:00000020 CyFxUSB20DeviceDscr
C:\Users\nikl\AppData\Local\Temp\ccyhpvpe.s:72     .rodata:00000040 CyFxUSBBOSDscr
C:\Users\nikl\AppData\Local\Temp\ccyhpvpe.s:99     .rodata:00000060 CyFxUSBDeviceQualDscr
C:\Users\nikl\AppData\Local\Temp\ccyhpvpe.s:114    .rodata:00000080 CyFxUSBSSConfigDscr
C:\Users\nikl\AppData\Local\Temp\ccyhpvpe.s:150    .rodata:000000a0 CyFxUSBHSConfigDscr
C:\Users\nikl\AppData\Local\Temp\ccyhpvpe.s:180    .rodata:000000c0 CyFxUSBFSConfigDscr
C:\Users\nikl\AppData\Local\Temp\ccyhpvpe.s:210    .rodata:000000e0 CyFxUSBStringLangIDDscr
C:\Users\nikl\AppData\Local\Temp\ccyhpvpe.s:219    .rodata:00000100 CyFxUSBManufactureDscr
C:\Users\nikl\AppData\Local\Temp\ccyhpvpe.s:240    .rodata:00000120 CyFxUSBProductDscr
C:\Users\nikl\AppData\Local\Temp\ccyhpvpe.s:253    .rodata:00000140 CyFxUsbOSDscr
                            *COM*:00000020 CyFxUsbDscrAlignBuffer

NO UNDEFINED SYMBOLS
